[www.taichivip.com/index.html]
[www.taichivip.com/POST.0.delayed]
[backblue.gif]
[fade.gif]
[index.html]
[apis.google.com/js/clientc932.js]
[www.taichivip.com/首頁.html]
[www.taichivip.com/最新消息.html]
[www.taichivip.com/出版品列表.html]
[www.taichivip.com/創會人介紹.html]
[www.taichivip.com/創會人介紹/淵源.html]
[www.taichivip.com/太極心法.html]
[www.taichivip.com/與我們聯絡.html]
[ssl.gstatic.com/atari/images/sociallinks/link_white_28dp.png]
[ssl.gstatic.com/atari/images/sociallinks/facebook_white_28dp.png]
[ssl.gstatic.com/atari/images/sociallinks/youtube_white_28dp.png]
[www.taichivip.com/index.html]
[www.taichivip.com/POST.html]
[www.taichivip.com/首頁.html]
[www.taichivip.com/最新消息.html]
[www.taichivip.com/出版品列表.html]
[www.taichivip.com/創會人介紹.html]
[www.taichivip.com/創會人介紹/淵源.html]
[www.taichivip.com/太極心法.html]
[www.taichivip.com/與我們聯絡.html]
